lerna(verbose) GitUtilities.isInitialized    ()
lerna(verbose) GitUtilities.isInitialized    () => true
lerna(verbose) GitUtilities.getTopLevelDirectory()
lerna(verbose) GitUtilities.getTopLevelDirectory() => "."
lerna(verbose) FileSystemUtilities.existsSync("./lerna.json")
lerna(verbose) FileSystemUtilities.existsSync("./lerna.json") => true
lerna(verbose) FileSystemUtilities.readFileSync("./lerna.json")
lerna(verbose) FileSystemUtilities.readFileSync("./lerna.json") => "{\n  \"lerna\": \"2.0.0-beta.38\",\n  \"packages\": [\n    \"rooset-application-toolkit/ratk-declaration-utils\",\n    \"rooset-application-toolkit/languages/cpp/tools\",\n    \"rooset-application-toolkit/languages/java/tools\",\n    \"rooset-application-toolkit/languages/js/tools\"\n  ],\n  \"version\": \"0.1.0\"\n}"
lerna(verbose) FileSystemUtilities.existsSync("./package.json")
lerna(verbose) FileSystemUtilities.existsSync("./package.json") => true
lerna(verbose) FileSystemUtilities.readFileSync("./package.json")
lerna(verbose) FileSystemUtilities.readFileSync("./package.json") => "{\n  \"devDependencies\": {\n    \"lerna\": \"2.0.0-beta.38\"\n  }\n}"
lerna(info)    Lerna v2.0.0-beta.38
lerna(verbose) FileSystemUtilities.existsSync("./package.json")
lerna(verbose) FileSystemUtilities.existsSync("./package.json") => true
lerna(verbose) FileSystemUtilities.existsSync("./lerna.json")
lerna(verbose) FileSystemUtilities.existsSync("./lerna.json") => true
lerna(verbose) FileSystemUtilities.existsSync("./VERSION")
lerna(verbose) FileSystemUtilities.existsSync("./VERSION") => false
lerna(verbose) FileSystemUtilities.existsSync("./rooset-application-toolkit/ratk-declaration-utils/package.json")
lerna(verbose) FileSystemUtilities.existsSync("./rooset-application-toolkit/ratk-declaration-utils/package.json") => true
lerna(verbose) FileSystemUtilities.existsSync("./rooset-application-toolkit/languages/cpp/tools/package.json")
lerna(verbose) FileSystemUtilities.existsSync("./rooset-application-toolkit/languages/cpp/tools/package.json") => true
lerna(verbose) FileSystemUtilities.existsSync("./rooset-application-toolkit/languages/java/tools/package.json")
lerna(verbose) FileSystemUtilities.existsSync("./rooset-application-toolkit/languages/java/tools/package.json") => true
lerna(verbose) FileSystemUtilities.existsSync("./rooset-application-toolkit/languages/js/tools/package.json")
lerna(verbose) FileSystemUtilities.existsSync("./rooset-application-toolkit/languages/js/tools/package.json") => true
lerna(verbose) Attempting running BootstrapCommand.initialize
lerna(verbose) Successfully ran BootstrapCommand.initialize
lerna(verbose) Attempting running BootstrapCommand.execute
lerna(info)    Bootstrapping 4 packages
lerna(info)    Preinstalling packages
lerna(info)    Installing external dependencies
lerna(verbose) NpmUtilities.installInDir     ("./rooset-application-toolkit/ratk-declaration-utils", ["eslint@^3.9.0","eslint-plugin-json@^1.2.0",...)
lerna(verbose) FileSystemUtilities.rename    ("./rooset-application-toolkit/ratk-declaration-utils/package.json", "./rooset-application-toolkit/ra...)
lerna(verbose) NpmUtilities.installInDir     ("./rooset-application-toolkit/languages/cpp/tools", ["eslint@^3.7.1","lodash@^4.16.4","eslint-config...)
lerna(verbose) FileSystemUtilities.rename    ("./rooset-application-toolkit/languages/cpp/tools/package.json", "./rooset-application-toolkit/langu...)
lerna(verbose) NpmUtilities.installInDir     ("./rooset-application-toolkit/languages/java/tools", ["lodash@^4.17.4","rooset-application-toolkit@^...)
lerna(verbose) FileSystemUtilities.rename    ("./rooset-application-toolkit/languages/java/tools/package.json", "./rooset-application-toolkit/lang...)
lerna(verbose) NpmUtilities.installInDir     ("./rooset-application-toolkit/languages/js/tools", ["lodash@^4.17.4","node-fetch@^1.6.3","uuid4@^1.0...)
lerna(verbose) FileSystemUtilities.rename    ("./rooset-application-toolkit/languages/js/tools/package.json", "./rooset-application-toolkit/langua...)
lerna(verbose) FileSystemUtilities.rename    ("./rooset-application-toolkit/ratk-declaration-utils/package.json", "./rooset-application-toolkit/ra...) => 
lerna(verbose) FileSystemUtilities.writeFile ("./rooset-application-toolkit/ratk-declaration-utils/package.json", "{\"dependencies\":{\"eslint\":\...)
lerna(verbose) FileSystemUtilities.rename    ("./rooset-application-toolkit/languages/cpp/tools/package.json", "./rooset-application-toolkit/langu...) => 
lerna(verbose) FileSystemUtilities.writeFile ("./rooset-application-toolkit/languages/cpp/tools/package.json", "{\"dependencies\":{\"eslint\":\"^3...)
lerna(verbose) FileSystemUtilities.rename    ("./rooset-application-toolkit/languages/java/tools/package.json", "./rooset-application-toolkit/lang...) => 
lerna(verbose) FileSystemUtilities.writeFile ("./rooset-application-toolkit/languages/java/tools/package.json", "{\"dependencies\":{\"lodash\":\"^...)
lerna(verbose) FileSystemUtilities.rename    ("./rooset-application-toolkit/languages/js/tools/package.json", "./rooset-application-toolkit/langua...) => 
lerna(verbose) FileSystemUtilities.writeFile ("./rooset-application-toolkit/languages/js/tools/package.json", "{\"dependencies\":{\"lodash\":\"^4....)
lerna(verbose) FileSystemUtilities.writeFile ("./rooset-application-toolkit/ratk-declaration-utils/package.json", "{\"dependencies\":{\"eslint\":\...) => 
lerna(verbose) FileSystemUtilities.writeFile ("./rooset-application-toolkit/languages/java/tools/package.json", "{\"dependencies\":{\"lodash\":\"^...) => 
lerna(verbose) FileSystemUtilities.writeFile ("./rooset-application-toolkit/languages/js/tools/package.json", "{\"dependencies\":{\"lodash\":\"^4....) => 
lerna(verbose) FileSystemUtilities.writeFile ("./rooset-application-toolkit/languages/cpp/tools/package.json", "{\"dependencies\":{\"eslint\":\"^3...) => 
lerna(verbose) FileSystemUtilities.renameSync("./rooset-application-toolkit/languages/java/tools/package.json.lerna_backup", "./rooset-application...)
lerna(verbose) FileSystemUtilities.renameSync("./rooset-application-toolkit/languages/java/tools/package.json.lerna_backup", "./rooset-application...) => 
lerna(error)   NpmUtilities.installInDir     ("./rooset-application-toolkit/languages/java/tools", ["lodash@^4.17.4","rooset-application-toolkit@^...)
    Command exited with status 1: npm install
lerna(error)   Errored while running BootstrapCommand.execute
